<?xml version="1.0" encoding="UTF-8"?>
<!-- Generated by org.testng.reporters.JUnitReportReporter -->
<testsuite hostname="DESKTOP-NFH9Q5D" failures="0" tests="1" name="com.Actitime.GenricLibrary.BaseClass" time="7.955" errors="0" timestamp="2023-02-17T08:53:07 IST" skipped="0">
  <testcase classname="com.Actitime.GenricLibrary.BaseClass" name="test" time="7.955"/>
  <system-out>
    <![CDATA[xn,mcasjhbkf]]>
  </system-out>
</testsuite> <!-- com.Actitime.GenricLibrary.BaseClass -->
